app/build/outputs/logs/manifest-merger-debug-report.txt
-- Merging decision tree log ---
manifest
ADDED from src\main\AndroidManifest.xml:2:1-93:12
INJECTED from src\main\AndroidManifest.xml:2:1-93:12
INJECTED from src\main\AndroidManifest.xml:2:1-93:12
INJECTED from src\main\AndroidManifest.xml:2:1-93:12
INJECTED from src\main\AndroidManifest.xml:2:1-93:12
INJECTED from src\main\AndroidManifest.xml:2:1-93:12
INJECTED from src\main\AndroidManifest.xml:2:1-93:12
	package
		ADDED from src\main\AndroidManifest.xml:3:5-36
		INJECTED from src\main\AndroidManifest.xml
		INJECTED from src\main\AndroidManifest.xml
	android:versionName
		ADDED from src\main\AndroidManifest.xml:5:5-30
		INJECTED from src\main\AndroidManifest.xml
		INJECTED from src\main\AndroidManifest.xml
	xmlns:android
		ADDED from src\main\AndroidManifest.xml:2:11-69
	android:versionCode
		ADDED from src\main\AndroidManifest.xml:4:5-28
		INJECTED from src\main\AndroidManifest.xml
		INJECTED from src\main\AndroidManifest.xml
uses-sdk
ADDED from src\main\AndroidManifest.xml:7:5-9:41
INJECTED from src\main\AndroidManifest.xml:7:5-9:41
INJECTED from src\main\AndroidManifest.xml:7:5-9:41
INJECTED from src\main\AndroidManifest.xml:7:5-9:41
INJECTED from src\main\AndroidManifest.xml:7:5-9:41
	android:targetSdkVersion
		ADDED from src\main\AndroidManifest.xml:9:9-38
		INJECTED from src\main\AndroidManifest.xml
		INJECTED from src\main\AndroidManifest.xml
	android:minSdkVersion
		ADDED from src\main\AndroidManifest.xml:8:9-35
		INJECTED from src\main\AndroidManifest.xml
		INJECTED from src\main\AndroidManifest.xml
uses-permission#android.permission.INTERNET
ADDED from src\main\AndroidManifest.xml:12:5-67
	android:name
		ADDED from src\main\AndroidManifest.xml:12:22-64
uses-permission#android.permission.WRITE_EXTERNAL_STORAGE
ADDED from src\main\AndroidManifest.xml:13:2-78
	android:name
		ADDED from src\main\AndroidManifest.xml:13:19-75
uses-permission#android.permission.ACCESS_COARSE_LOCATION
ADDED from src\main\AndroidManifest.xml:14:2-78
	android:name
		ADDED from src\main\AndroidManifest.xml:14:19-75
uses-permission#android.permission.ACCESS_NETWORK_STATE
ADDED from src\main\AndroidManifest.xml:15:2-76
	android:name
		ADDED from src\main\AndroidManifest.xml:15:19-73
uses-permission#android.permission.ACCESS_FINE_LOCATION
ADDED from src\main\AndroidManifest.xml:16:2-76
	android:name
		ADDED from src\main\AndroidManifest.xml:16:19-73
uses-permission#android.permission.READ_PHONE_STATE
ADDED from src\main\AndroidManifest.xml:17:2-72
	android:name
		ADDED from src\main\AndroidManifest.xml:17:19-69
uses-permission#android.permission.CHANGE_WIFI_STATE
ADDED from src\main\AndroidManifest.xml:18:2-73
	android:name
		ADDED from src\main\AndroidManifest.xml:18:19-70
uses-permission#android.permission.ACCESS_WIFI_STATE
ADDED from src\main\AndroidManifest.xml:19:2-73
	android:name
		ADDED from src\main\AndroidManifest.xml:19:19-70
uses-permission#android.permission.CHANGE_CONFIGURATION
ADDED from src\main\AndroidManifest.xml:20:2-76
	android:name
		ADDED from src\main\AndroidManifest.xml:20:19-73
uses-permission#android.permission.WAKE_LOCK
ADDED from src\main\AndroidManifest.xml:21:2-65
	android:name
		ADDED from src\main\AndroidManifest.xml:21:19-62
uses-permission#android.permission.SEND_SMS
ADDED from src\main\AndroidManifest.xml:22:3-65
	android:name
		ADDED from src\main\AndroidManifest.xml:22:20-62
uses-permission#android.permission.WRITE_SETTINGS
ADDED from src\main\AndroidManifest.xml:23:2-70
	android:name
		ADDED from src\main\AndroidManifest.xml:23:19-67
permission#android.permission.WRITE_APN_SETTINGS
ADDED from src\main\AndroidManifest.xml:24:2-69
	android:name
		ADDED from src\main\AndroidManifest.xml:24:14-66
uses-permission#android.permission.READ_CONTACTS
ADDED from src\main\AndroidManifest.xml:50:2-51:20
	android:name
		ADDED from src\main\AndroidManifest.xml:50:19-66
application
ADDED from src\main\AndroidManifest.xml:52:5-91:19
	android:label
		ADDED from src\main\AndroidManifest.xml:55:9-41
	android:icon
		ADDED from src\main\AndroidManifest.xml:54:9-45
	android:allowBackup
		ADDED from src\main\AndroidManifest.xml:53:9-35
	android:theme
		ADDED from src\main\AndroidManifest.xml:56:9-40
meta-data#com.amap.api.v2.apikey
ADDED from src\main\AndroidManifest.xml:57:9-59:63
	android:value
		ADDED from src\main\AndroidManifest.xml:59:13-61
	android:name
		ADDED from src\main\AndroidManifest.xml:58:13-50
activity#com.Demo.onekey2alarm.MainActivity
ADDED from src\main\AndroidManifest.xml:61:9-71:20
	android:label
		ADDED from src\main\AndroidManifest.xml:63:13-45
	android:theme
		ADDED from src\main\AndroidManifest.xml:64:13-71
	android:name
		ADDED from src\main\AndroidManifest.xml:62:13-41
intent-filter#android.intent.action.MAIN+android.intent.category.LAUNCHER
ADDED from src\main\AndroidManifest.xml:66:13-70:29
action#android.intent.action.MAIN
ADDED from src\main\AndroidManifest.xml:67:17-69
	android:name
		ADDED from src\main\AndroidManifest.xml:67:25-66
category#android.intent.category.LAUNCHER
ADDED from src\main\AndroidManifest.xml:69:17-77
	android:name
		ADDED from src\main\AndroidManifest.xml:69:27-74
activity#com.Demo.onekey2alarm.contacts
ADDED from src\main\AndroidManifest.xml:73:9-77:20
	android:label
		ADDED from src\main\AndroidManifest.xml:75:13-45
	android:theme
		ADDED from src\main\AndroidManifest.xml:76:13-71
	android:name
		ADDED from src\main\AndroidManifest.xml:74:13-58
activity#com.Demo.onekey2alarm.messages
ADDED from src\main\AndroidManifest.xml:78:9-82:20
	android:label
		ADDED from src\main\AndroidManifest.xml:80:13-45
	android:theme
		ADDED from src\main\AndroidManifest.xml:81:13-71
	android:name
		ADDED from src\main\AndroidManifest.xml:79:13-58
activity#com.Demo.onekey2alarm.about
ADDED from src\main\AndroidManifest.xml:83:9-87:20
	android:label
		ADDED from src\main\AndroidManifest.xml:85:13-45
	android:theme
		ADDED from src\main\AndroidManifest.xml:86:13-71
	android:name
		ADDED from src\main\AndroidManifest.xml:84:13-55
service#com.amap.api.location.APSService
ADDED from src\main\AndroidManifest.xml:89:9-90:71
	android:name
		ADDED from src\main\AndroidManifest.xml:90:13-60